********************************************************************************
DUPLICATOR-LITE PACKAGE-LOG: 17 July 2020 08:05
NOTICE: Do NOT post to public sites or forums 
********************************************************************************
VERSION:	1.3.36
WORDPRESS:	5.4.2
PHP INFO:	7.3.8 | SAPI: apache2handler
SERVER:		Apache/2.2.34 (Unix) mod_wsgi/3.5 Python/2.7.13 PHP/7.3.8 mod_ssl/2.2.34 OpenSSL/1.0.2o DAV/2 mod_fastcgi/mod_fastcgi-SNAP-0910052141 mod_perl/2.0.10 Perl/v5.24.0 
PHP TIME LIMIT: (0) no time limit imposed 
PHP MAX MEMORY: 4294967296 (128M default) 
MEMORY STACK: 8.5MB

********************************************************************************
DATABASE:
********************************************************************************
BUILD MODE:   PHP(query limit - 100)
MYSQLTIMEOUT: 5000
MYSQLDUMP:    Not Supported
TABLES: total:13 | filtered:0 | create:13
FILTERED: []
SQL CREATED: 20200717_bouwbedrijfonline_9714b1dc84ad9d8a4006_20200717080509_database.sql
SQL FILE SIZE: 925.75KB (947973)
SQL FILE TIME: 2020-07-17 08:05:27
SQL RUNTIME: 0.15 sec.

********************************************************************************
ARCHIVE (ZIP):
********************************************************************************
ARCHIVE DIR:  /Applications/MAMP/htdocs/wordpress
ARCHIVE FILE: 20200717_bouwbedrijfonline_9714b1dc84ad9d8a4006_20200717080509_archive.zip
FILTERS: *OFF*
DIRS:
	not set
FILES:
	not set
EXTS:  not set
----------------------------------------
COMPRESSING
SIZE:	121.85MB
STATS:	Dirs 787 | Files 6,964
SQL ADDED: 20200717_bouwbedrijfonline_9714b1dc84ad9d8a4006_20200717080509_database.sql
ZipArchive Object
(
    [status] => 0
    [statusSys] => 0
    [numFiles] => 7751
    [filename] => /Applications/MAMP/htdocs/wordpress/wp-content/backups-dup-lite/tmp/20200717_bouwbedrijfonline_9714b1dc84ad9d8a4006_20200717080509_archive.zip
    [comment] => 
)

FILE ADDED TO ZIP: 7750
COMPRESSION RESULT: '1'
COMPRESSED SIZE: 62.96MB
ARCHIVE RUNTIME: 14.61 sec.
MEMORY STACK: 10.5MB
building installer
add_extra_files1
add_extra_files2
add_extra_files3
add_extra_files4
Doing archive file check
add_extra_files5
add_extra_files6
add_extra_files8
Successfully opened zip /Applications/MAMP/htdocs/wordpress/wp-content/backups-dup-lite/tmp/20200717_bouwbedrijfonline_9714b1dc84ad9d8a4006_20200717080509_archive.zip
Adding enhanced installer files to archive using ZipArchive
Installer files added to archive
Added to archive
After ziparchive close when adding installer

********************************************************************************
INTEGRITY CHECKS:
********************************************************************************
SQL FILE: 925.75KB
INSTALLER FILE: 61.32KB
ARCHIVE FILE: 64.53MB 
EXPECTED FILE/DIRECTORY COUNT: 7,751
ACTUAL FILE/DIRECTORY COUNT: 7,750
ARCHIVE CONSISTENCY TEST: Pass

********************************************************************************
RECORD ID:[1]
TOTAL PROCESS RUNTIME: 19.25 sec.
PEAK PHP MEMORY USED: 10.5MB
DONE PROCESSING => 20200717_bouwbedrijfonline 17 July 2020 08:05

